<?xml version="1.0" encoding="UTF-8"?>
<coverage generated="1647037376">
  <project timestamp="1647037376">
    <file name="/app/app/Http/Controllers/Controller.php">
      <class name="App\Http\Controllers\Controller" namespace="global">
        <metrics complexity="0" methods="0" coveredmethods="0" conditionals="0" coveredconditionals="0" statements="0" coveredstatements="0" elements="0" coveredelements="0"/>
      </class>
      <metrics loc="11" ncloc="10" classes="0" methods="0" coveredmethods="0" conditionals="0" coveredconditionals="0" statements="0" coveredstatements="0" elements="0" coveredelements="0"/>
    </file>
    <file name="/app/app/Http/Controllers/ExampleController.php">
      <class name="App\Http\Controllers\ExampleController" namespace="global">
        <metrics complexity="1" methods="0" coveredmethods="0" conditionals="0" coveredconditionals="0" statements="0" coveredstatements="0" elements="0" coveredelements="0"/>
      </class>
      <metrics loc="19" ncloc="12" classes="0" methods="0" coveredmethods="0" conditionals="0" coveredconditionals="0" statements="0" coveredstatements="0" elements="0" coveredelements="0"/>
    </file>
    <file name="/app/app/Http/Controllers/PollController.php">
      <class name="App\Http\Controllers\PollController" namespace="global">
        <metrics complexity="5" methods="5" coveredmethods="5" conditionals="0" coveredconditionals="0" statements="10" coveredstatements="10" elements="15" coveredelements="15"/>
      </class>
      <line num="19" type="method" name="__construct" visibility="public" complexity="1" crap="1" count="4"/>
      <line num="37" type="method" name="index" visibility="public" complexity="1" crap="1" count="1"/>
      <line num="39" type="stmt" count="1"/>
      <line num="40" type="stmt" count="1"/>
      <line num="59" type="method" name="show" visibility="public" complexity="1" crap="1" count="1"/>
      <line num="61" type="stmt" count="1"/>
      <line num="79" type="method" name="votes" visibility="public" complexity="1" crap="1" count="1"/>
      <line num="81" type="stmt" count="1"/>
      <line num="120" type="method" name="store" visibility="public" complexity="1" crap="1" count="1"/>
      <line num="122" type="stmt" count="1"/>
      <line num="129" type="stmt" count="1"/>
      <line num="131" type="stmt" count="1"/>
      <line num="132" type="stmt" count="1"/>
      <line num="136" type="stmt" count="1"/>
      <metrics loc="140" ncloc="60" classes="1" methods="5" coveredmethods="5" conditionals="0" coveredconditionals="0" statements="10" coveredstatements="10" elements="15" coveredelements="15"/>
    </file>
    <file name="/app/app/Http/Controllers/VoteController.php">
      <class name="App\Http\Controllers\VoteController" namespace="global">
        <metrics complexity="2" methods="2" coveredmethods="2" conditionals="0" coveredconditionals="0" statements="4" coveredstatements="4" elements="6" coveredelements="6"/>
      </class>
      <line num="13" type="method" name="__construct" visibility="public" complexity="1" crap="1" count="1"/>
      <line num="37" type="method" name="store" visibility="public" complexity="1" crap="1" count="1"/>
      <line num="39" type="stmt" count="1"/>
      <line num="43" type="stmt" count="1"/>
      <line num="45" type="stmt" count="1"/>
      <metrics loc="49" ncloc="29" classes="1" methods="2" coveredmethods="2" conditionals="0" coveredconditionals="0" statements="4" coveredstatements="4" elements="6" coveredelements="6"/>
    </file>
    <file name="/app/app/Http/Middleware/Authenticate.php">
      <class name="App\Http\Middleware\Authenticate" namespace="global">
        <metrics complexity="3" methods="2" coveredmethods="0" conditionals="0" coveredconditionals="0" statements="4" coveredstatements="0" elements="6" coveredelements="0"/>
      </class>
      <line num="23" type="method" name="__construct" visibility="public" complexity="1" crap="2" count="0"/>
      <line num="25" type="stmt" count="0"/>
      <line num="36" type="method" name="handle" visibility="public" complexity="2" crap="6" count="0"/>
      <line num="38" type="stmt" count="0"/>
      <line num="39" type="stmt" count="0"/>
      <line num="42" type="stmt" count="0"/>
      <metrics loc="45" ncloc="26" classes="1" methods="2" coveredmethods="0" conditionals="0" coveredconditionals="0" statements="4" coveredstatements="0" elements="6" coveredelements="0"/>
    </file>
    <file name="/app/app/Http/Middleware/ExampleMiddleware.php">
      <class name="App\Http\Middleware\ExampleMiddleware" namespace="global">
        <metrics complexity="1" methods="1" coveredmethods="0" conditionals="0" coveredconditionals="0" statements="1" coveredstatements="0" elements="2" coveredelements="0"/>
      </class>
      <line num="16" type="method" name="handle" visibility="public" complexity="1" crap="2" count="0"/>
      <line num="18" type="stmt" count="0"/>
      <metrics loc="21" ncloc="14" classes="1" methods="1" coveredmethods="0" conditionals="0" coveredconditionals="0" statements="1" coveredstatements="0" elements="2" coveredelements="0"/>
    </file>
    <file name="/app/app/Http/Resources/OptionResource.php">
      <class name="App\Http\Resources\OptionResource" namespace="global">
        <metrics complexity="4" methods="2" coveredmethods="1" conditionals="0" coveredconditionals="0" statements="12" coveredstatements="11" elements="14" coveredelements="12"/>
      </class>
      <line num="9" type="method" name="toArray" visibility="public" complexity="1" crap="1" count="1"/>
      <line num="12" type="stmt" count="1"/>
      <line num="13" type="stmt" count="1"/>
      <line num="14" type="stmt" count="1"/>
      <line num="15" type="stmt" count="1"/>
      <line num="19" type="method" name="translate" visibility="public" complexity="3" crap="3.02" count="1"/>
      <line num="21" type="stmt" count="1"/>
      <line num="22" type="stmt" count="1"/>
      <line num="25" type="stmt" count="1"/>
      <line num="26" type="stmt" count="1"/>
      <line num="27" type="stmt" count="1"/>
      <line num="30" type="stmt" count="1"/>
      <line num="31" type="stmt" count="0"/>
      <line num="34" type="stmt" count="1"/>
      <metrics loc="38" ncloc="38" classes="1" methods="2" coveredmethods="1" conditionals="0" coveredconditionals="0" statements="12" coveredstatements="11" elements="14" coveredelements="12"/>
    </file>
    <file name="/app/app/Http/Resources/PollResource.php">
      <class name="App\Http\Resources\PollResource" namespace="global">
        <metrics complexity="4" methods="2" coveredmethods="1" conditionals="0" coveredconditionals="0" statements="11" coveredstatements="3" elements="13" coveredelements="4"/>
      </class>
      <line num="9" type="method" name="toArray" visibility="public" complexity="1" crap="1" count="3"/>
      <line num="12" type="stmt" count="3"/>
      <line num="13" type="stmt" count="3"/>
      <line num="14" type="stmt" count="3"/>
      <line num="18" type="method" name="translate" visibility="public" complexity="3" crap="12" count="0"/>
      <line num="20" type="stmt" count="0"/>
      <line num="21" type="stmt" count="0"/>
      <line num="24" type="stmt" count="0"/>
      <line num="25" type="stmt" count="0"/>
      <line num="26" type="stmt" count="0"/>
      <line num="29" type="stmt" count="0"/>
      <line num="30" type="stmt" count="0"/>
      <line num="33" type="stmt" count="0"/>
      <metrics loc="37" ncloc="37" classes="1" methods="2" coveredmethods="1" conditionals="0" coveredconditionals="0" statements="11" coveredstatements="3" elements="13" coveredelements="4"/>
    </file>
    <file name="/app/app/Http/Resources/PollVotesResource.php">
      <class name="App\Http\Resources\PollVotesResource" namespace="global">
        <metrics complexity="1" methods="1" coveredmethods="1" conditionals="0" coveredconditionals="0" statements="5" coveredstatements="5" elements="6" coveredelements="6"/>
      </class>
      <line num="9" type="method" name="toArray" visibility="public" complexity="1" crap="1" count="1"/>
      <line num="12" type="stmt" count="1"/>
      <line num="13" type="stmt" count="1"/>
      <line num="14" type="stmt" count="1"/>
      <line num="15" type="stmt" count="1"/>
      <line num="16" type="stmt" count="1"/>
      <metrics loc="21" ncloc="21" classes="1" methods="1" coveredmethods="1" conditionals="0" coveredconditionals="0" statements="5" coveredstatements="5" elements="6" coveredelements="6"/>
    </file>
    <file name="/app/app/Models/Enquete.php">
      <class name="App\Models\Enquete" namespace="global">
        <metrics complexity="1" methods="1" coveredmethods="1" conditionals="0" coveredconditionals="0" statements="1" coveredstatements="1" elements="2" coveredelements="2"/>
      </class>
      <line num="15" type="method" name="opcoes" visibility="public" complexity="1" crap="1" count="7"/>
      <line num="17" type="stmt" count="7"/>
      <metrics loc="20" ncloc="20" classes="1" methods="1" coveredmethods="1" conditionals="0" coveredconditionals="0" statements="1" coveredstatements="1" elements="2" coveredelements="2"/>
    </file>
    <file name="/app/app/Models/Opcao.php">
      <class name="App\Models\Opcao" namespace="global">
        <metrics complexity="2" methods="2" coveredmethods="1" conditionals="0" coveredconditionals="0" statements="2" coveredstatements="1" elements="4" coveredelements="2"/>
      </class>
      <line num="15" type="method" name="enquete" visibility="public" complexity="1" crap="2" count="0"/>
      <line num="17" type="stmt" count="0"/>
      <line num="20" type="method" name="votos" visibility="public" complexity="1" crap="1" count="3"/>
      <line num="22" type="stmt" count="3"/>
      <metrics loc="25" ncloc="25" classes="1" methods="2" coveredmethods="1" conditionals="0" coveredconditionals="0" statements="2" coveredstatements="1" elements="4" coveredelements="2"/>
    </file>
    <file name="/app/app/Models/User.php">
      <class name="App\Models\User" namespace="global">
        <metrics complexity="0" methods="0" coveredmethods="0" conditionals="0" coveredconditionals="0" statements="0" coveredstatements="0" elements="0" coveredelements="0"/>
      </class>
      <metrics loc="34" ncloc="24" classes="0" methods="0" coveredmethods="0" conditionals="0" coveredconditionals="0" statements="0" coveredstatements="0" elements="0" coveredelements="0"/>
    </file>
    <file name="/app/app/Models/Voto.php">
      <class name="App\Models\Voto" namespace="global">
        <metrics complexity="1" methods="1" coveredmethods="1" conditionals="0" coveredconditionals="0" statements="1" coveredstatements="1" elements="2" coveredelements="2"/>
      </class>
      <line num="12" type="method" name="opcao" visibility="public" complexity="1" crap="1" count="1"/>
      <line num="14" type="stmt" count="1"/>
      <metrics loc="18" ncloc="18" classes="1" methods="1" coveredmethods="1" conditionals="0" coveredconditionals="0" statements="1" coveredstatements="1" elements="2" coveredelements="2"/>
    </file>
    <file name="/app/app/Services/CadastroEnquete.php">
      <class name="App\Services\CadastroEnquete" namespace="global">
        <metrics complexity="5" methods="1" coveredmethods="0" conditionals="0" coveredconditionals="0" statements="15" coveredstatements="14" elements="16" coveredelements="14"/>
      </class>
      <line num="12" type="method" name="execute" visibility="public" complexity="5" crap="5.01" count="2"/>
      <line num="14" type="stmt" count="2"/>
      <line num="15" type="stmt" count="2"/>
      <line num="17" type="stmt" count="2"/>
      <line num="19" type="stmt" count="2"/>
      <line num="20" type="stmt" count="2"/>
      <line num="21" type="stmt" count="2"/>
      <line num="22" type="stmt" count="2"/>
      <line num="23" type="stmt" count="2"/>
      <line num="24" type="stmt" count="2"/>
      <line num="25" type="stmt" count="2"/>
      <line num="26" type="stmt" count="2"/>
      <line num="28" type="stmt" count="0"/>
      <line num="31" type="stmt" count="2"/>
      <line num="34" type="stmt" count="2"/>
      <line num="36" type="stmt" count="2"/>
      <metrics loc="40" ncloc="40" classes="1" methods="1" coveredmethods="0" conditionals="0" coveredconditionals="0" statements="15" coveredstatements="14" elements="16" coveredelements="14"/>
    </file>
    <file name="/app/app/Services/CadastroVoto.php">
      <class name="App\Services\CadastroVoto" namespace="global">
        <metrics complexity="1" methods="1" coveredmethods="1" conditionals="0" coveredconditionals="0" statements="3" coveredstatements="3" elements="4" coveredelements="4"/>
      </class>
      <line num="12" type="method" name="execute" visibility="public" complexity="1" crap="1" count="1"/>
      <line num="14" type="stmt" count="1"/>
      <line num="16" type="stmt" count="1"/>
      <line num="18" type="stmt" count="1"/>
      <metrics loc="22" ncloc="22" classes="1" methods="1" coveredmethods="1" conditionals="0" coveredconditionals="0" statements="3" coveredstatements="3" elements="4" coveredelements="4"/>
    </file>
    <file name="/app/routes/web.php">
      <line num="16" type="stmt" count="7"/>
      <line num="17" type="stmt" count="0"/>
      <line num="20" type="stmt" count="7"/>
      <line num="21" type="stmt" count="7"/>
      <line num="22" type="stmt" count="7"/>
      <line num="23" type="stmt" count="7"/>
      <line num="24" type="stmt" count="7"/>
      <line num="25" type="stmt" count="7"/>
      <line num="27" type="stmt" count="7"/>
      <line num="28" type="stmt" count="7"/>
      <metrics loc="31" ncloc="20" classes="0" methods="0" coveredmethods="0" conditionals="0" coveredconditionals="0" statements="10" coveredstatements="9" elements="10" coveredelements="9"/>
    </file>
    <metrics files="16" loc="571" ncloc="416" classes="12" methods="21" coveredmethods="14" conditionals="0" coveredconditionals="0" statements="79" coveredstatements="62" elements="100" coveredelements="76"/>
  </project>
</coverage>
